<?xml version="1.0" encoding="UTF-8"?>
<!-- Generated by org.testng.reporters.JUnitReportReporter -->
<testsuite hostname="DESKTOP-A6ASAUT" failures="0" tests="1" name="com.mavenClass1.MavenTest" time="0.008" errors="0" timestamp="02 Dec 2018 17:00:01 GMT" skipped="0">
  <testcase classname="com.mavenClass1.MavenTest" name="hello" time="0.008"/>
</testsuite> <!-- com.mavenClass1.MavenTest -->
