<?xml version="1.0" encoding="UTF-8"?>
<!-- Generated by org.testng.reporters.JUnitReportReporter -->
<testsuite hostname="DESKTOP-A6ASAUT" failures="0" tests="1" name="com.mavenClass1.BasicClass" time="3.123" errors="0" timestamp="05 Dec 2018 01:54:13 GMT" skipped="0">
  <testcase classname="com.mavenClass1.BasicClass" name="setup" time="3.123"/>
</testsuite> <!-- com.mavenClass1.BasicClass -->
