<?xml version="1.0" encoding="UTF-8"?>
<!-- Generated by org.testng.reporters.JUnitReportReporter -->
<testsuite hostname="DESKTOP-A6ASAUT" failures="0" tests="1" name="MavenAssignment.HomeWork" time="1.914" errors="0" timestamp="08 Dec 2018 18:11:51 GMT" skipped="0">
  <testcase classname="MavenAssignment.HomeWork" name="getTitle" time="1.914"/>
</testsuite> <!-- MavenAssignment.HomeWork -->
